0 info it worked if it ends with ok
1 verbose cli [ '/Applications/Atom.app/Contents/Resources/app/apm/bin/node',
1 verbose cli   '/Applications/Atom.app/Contents/Resources/app/apm/node_modules/npm/bin/npm-cli.js',
1 verbose cli   'version',
1 verbose cli   'patch',
1 verbose cli   '-m',
1 verbose cli   'Prepare %s release' ]
2 info using npm@2.13.3
3 info using node@v0.10.40
4 info git [ 'status', '--porcelain' ]
5 verbose stack Error: Git working directory not clean.
5 verbose stack M  styles/tree-view.less
5 verbose stack     at /Applications/Atom.app/Contents/Resources/app/apm/node_modules/npm/lib/version.js:171:21
5 verbose stack     at ChildProcess.exithandler (child_process.js:656:7)
5 verbose stack     at ChildProcess.emit (events.js:98:17)
5 verbose stack     at maybeClose (child_process.js:766:16)
5 verbose stack     at Socket.<anonymous> (child_process.js:979:11)
5 verbose stack     at Socket.emit (events.js:95:17)
5 verbose stack     at Pipe.close (net.js:466:12)
6 verbose cwd /Users/markbrand/Documents/Github/nucleus-dark-ui
7 error Darwin 15.2.0
8 error argv "/Applications/Atom.app/Contents/Resources/app/apm/bin/node" "/Applications/Atom.app/Contents/Resources/app/apm/node_modules/npm/bin/npm-cli.js" "version" "patch" "-m" "Prepare %s release"
9 error node v0.10.40
10 error npm  v2.13.3
11 error Git working directory not clean.
11 error M  styles/tree-view.less
12 error If you need help, you may report this error at:
12 error     <https://github.com/npm/npm/issues>
13 verbose exit [ 1, true ]
